<?xml version="1.0" encoding="UTF-8"?>
<testng-results ignored="0" total="1" passed="1" failed="0" skipped="0">
  <reporter-output>
  </reporter-output>
  <suite started-at="2024-06-08T10:57:36 IST" name="Suite" finished-at="2024-06-08T10:57:41 IST" duration-ms="5691">
    <groups>
      <group name="Master">
        <method signature="Tc_002_ValidateloginFunctionality.validatelogin()[pri:0, instance:testcases.Tc_002_ValidateloginFunctionality@35cabb2a]" name="validatelogin" class="testcases.Tc_002_ValidateloginFunctionality"/>
      </group> <!-- Master -->
      <group name="Sanity">
        <method signature="Tc_002_ValidateloginFunctionality.validatelogin()[pri:0, instance:testcases.Tc_002_ValidateloginFunctionality@35cabb2a]" name="validatelogin" class="testcases.Tc_002_ValidateloginFunctionality"/>
      </group> <!-- Sanity -->
    </groups>
    <test started-at="2024-06-08T10:57:36 IST" name="Test" finished-at="2024-06-08T10:57:41 IST" duration-ms="5691">
      <class name="testcases.Tc_002_ValidateloginFunctionality">
        <test-method is-config="true" signature="setup(java.lang.String)[pri:0, instance:testcases.Tc_002_ValidateloginFunctionality@35cabb2a]" started-at="2024-06-08T10:57:36 IST" name="setup" finished-at="2024-06-08T10:57:39 IST" duration-ms="3067" status="PASS">
          <params>
            <param index="0">
              <value>
                <![CDATA[Chrome]]>
              </value>
            </param>
          </params>
          <reporter-output>
          </reporter-output>
        </test-method> <!-- setup -->
        <test-method signature="validatelogin()[pri:0, instance:testcases.Tc_002_ValidateloginFunctionality@35cabb2a]" started-at="2024-06-08T10:57:39 IST" name="validatelogin" finished-at="2024-06-08T10:57:41 IST" duration-ms="2251" status="PASS">
          <reporter-output>
          </reporter-output>
        </test-method> <!-- validatelogin -->
        <test-method is-config="true" signature="tear()[pri:0, instance:testcases.Tc_002_ValidateloginFunctionality@35cabb2a]" started-at="2024-06-08T10:57:41 IST" name="tear" finished-at="2024-06-08T10:57:41 IST" duration-ms="133" status="PASS">
          <reporter-output>
          </reporter-output>
        </test-method> <!-- tear -->
      </class> <!-- testcases.Tc_002_ValidateloginFunctionality -->
    </test> <!-- Test -->
  </suite> <!-- Suite -->
</testng-results>
